<?xml version="1.0" encoding="UTF-8"?>
<testsuite xmlns:xsi="http://www.w3.org/2001/XMLSchema-instance" xsi:noNamespaceSchemaLocation="https://maven.apache.org/surefire/maven-surefire-plugin/xsd/surefire-test-report-3.0.xsd" version="3.0" name="TestSuite" time="2.405" tests="1" errors="0" skipped="1" failures="0">
  <properties>
[...]
</properties>
  <testcase name="Login_01" classname="Regression.TC01" time="0">
    <skipped message="java.lang.IllegalStateException: Cannot get a STRING value from a NUMERIC cell"/>
    <system-err><![CDATA[[Utils] [ERROR] [Error] java.lang.IllegalStateException: Cannot get a STRING value from a NUMERIC cell
	at org.apache.poi.xssf.usermodel.XSSFCell.typeMismatch(XSSFCell.java:1035)
	at org.apache.poi.xssf.usermodel.XSSFCell.getRichStringCellValue(XSSFCell.java:390)
	at org.apache.poi.xssf.usermodel.XSSFCell.getStringCellValue(XSSFCell.java:342)
	at Regression.TC01.testData(TC01.java:56)
	at sun.reflect.NativeMethodAccessorImpl.invoke0(Native Method)
	at sun.reflect.NativeMethodAccessorImpl.invoke(Unknown Source)
	at sun.reflect.DelegatingMethodAccessorImpl.invoke(Unknown Source)
	at java.lang.reflect.Method.invoke(Unknown Source)
	at org.testng.internal.MethodInvocationHelper.invokeMethod(MethodInvocationHelper.java:133)
	at org.testng.internal.MethodInvocationHelper.invokeMethod(MethodInvocationHelper.java:77)
	at org.testng.internal.MethodInvocationHelper.invokeMethodNoCheckedException(MethodInvocationHelper.java:46)
	at org.testng.internal.MethodInvocationHelper.invokeDataProvider(MethodInvocationHelper.java:146)
	at org.testng.internal.Parameters.handleParameters(Parameters.java:820)
	at org.testng.internal.Parameters.handleParameters(Parameters.java:762)
	at org.testng.internal.ParameterHandler.handleParameters(ParameterHandler.java:60)
	at org.testng.internal.ParameterHandler.createParameters(ParameterHandler.java:39)
	at org.testng.internal.TestInvoker$MethodInvocationAgent.invoke(TestInvoker.java:771)
	at org.testng.internal.TestInvoker.invokeTestMethods(TestInvoker.java:145)
	at org.testng.internal.TestMethodWorker.invokeTestMethods(TestMethodWorker.java:146)
	at org.testng.internal.TestMethodWorker.run(TestMethodWorker.java:128)
	at java.util.ArrayList.forEach(Unknown Source)
	at org.testng.TestRunner.privateRun(TestRunner.java:770)
	at org.testng.TestRunner.run(TestRunner.java:591)
	at org.testng.SuiteRunner.runTest(SuiteRunner.java:402)
	at org.testng.SuiteRunner.runSequentially(SuiteRunner.java:396)
	at org.testng.SuiteRunner.privateRun(SuiteRunner.java:355)
	at org.testng.SuiteRunner.run(SuiteRunner.java:304)
	at org.testng.SuiteRunnerWorker.runSuite(SuiteRunnerWorker.java:53)
	at org.testng.SuiteRunnerWorker.run(SuiteRunnerWorker.java:96)
	at org.testng.TestNG.runSuitesSequentially(TestNG.java:1180)
	at org.testng.TestNG.runSuitesLocally(TestNG.java:1102)
	at org.testng.TestNG.runSuites(TestNG.java:1032)
	at org.testng.TestNG.run(TestNG.java:1000)
	at org.apache.maven.surefire.testng.TestNGExecutor.run(TestNGExecutor.java:283)
	at org.apache.maven.surefire.testng.TestNGXmlTestSuite.execute(TestNGXmlTestSuite.java:75)
	at org.apache.maven.surefire.testng.TestNGProvider.invoke(TestNGProvider.java:120)
	at org.apache.maven.surefire.booter.ForkedBooter.runSuitesInProcess(ForkedBooter.java:377)
	at org.apache.maven.surefire.booter.ForkedBooter.execute(ForkedBooter.java:138)
	at org.apache.maven.surefire.booter.ForkedBooter.run(ForkedBooter.java:465)
	at org.apache.maven.surefire.booter.ForkedBooter.main(ForkedBooter.java:451)

]]></system-err>
  </testcase>
</testsuite>